<?xml version="1.0" encoding="UTF-8"?>
<testng-results skipped="0" failed="0" total="2" passed="2">
  <reporter-output>
  </reporter-output>
  <suite name="WebBrowser" duration-ms="55007" started-at="2024-09-17T19:19:21Z" finished-at="2024-09-17T19:20:16Z">
    <groups>
    </groups>
    <test name="Test Chilis In Web Browser" duration-ms="55007" started-at="2024-09-17T19:19:21Z" finished-at="2024-09-17T19:20:16Z">
      <class name="com.easemytrip.testscript.TestScripts">
        <test-method status="PASS" signature="initialize()[pri:0, instance:com.easemytrip.testscript.TestScripts@2525ff7e]" name="initialize" is-config="true" duration-ms="4487" started-at="2024-09-18T00:49:21Z" finished-at="2024-09-18T00:49:26Z">
          <reporter-output>
          </reporter-output>
        </test-method> <!-- initialize -->
        <test-method status="PASS" signature="flight_Search()[pri:0, instance:com.easemytrip.testscript.TestScripts@2525ff7e]" name="flight_Search" duration-ms="48361" started-at="2024-09-18T00:49:26Z" finished-at="2024-09-18T00:50:14Z">
          <reporter-output>
          </reporter-output>
        </test-method> <!-- flight_Search -->
        <test-method status="PASS" signature="tearDown()[pri:0, instance:com.easemytrip.testscript.TestScripts@2525ff7e]" name="tearDown" is-config="true" duration-ms="1003" started-at="2024-09-18T00:50:14Z" finished-at="2024-09-18T00:50:15Z">
          <reporter-output>
          </reporter-output>
        </test-method> <!-- tearDown -->
        <test-method status="PASS" signature="write_Flight_Data_to_Excel()[pri:0, instance:com.easemytrip.testscript.TestScripts@2525ff7e]" name="write_Flight_Data_to_Excel" duration-ms="747" started-at="2024-09-18T00:50:15Z" depends-on-methods="com.easemytrip.testscript.TestScripts.flight_Search" finished-at="2024-09-18T00:50:16Z">
          <reporter-output>
          </reporter-output>
        </test-method> <!-- write_Flight_Data_to_Excel -->
        <test-method status="FAIL" signature="tearDown()[pri:0, instance:com.easemytrip.testscript.TestScripts@2525ff7e]" name="tearDown" is-config="true" duration-ms="0" started-at="2024-09-18T00:50:16Z" finished-at="2024-09-18T00:50:16Z">
          <exception class="org.openqa.selenium.NoSuchSessionException">
            <message>
              <![CDATA[Session ID is null. Using WebDriver after calling quit()?
Build info: version: '3.141.59', revision: 'e82be7d358', time: '2018-11-14T08:17:03'
System info: host: 'SUMAN', ip: '192.168.0.109', os.name: 'Windows 10', os.arch: 'amd64', os.version: '10.0', java.version: '1.8.0_202'
Driver info: driver.version: RemoteWebDriver]]>
            </message>
            <full-stacktrace>
              <![CDATA[org.openqa.selenium.NoSuchSessionException: Session ID is null. Using WebDriver after calling quit()?
Build info: version: '3.141.59', revision: 'e82be7d358', time: '2018-11-14T08:17:03'
System info: host: 'SUMAN', ip: '192.168.0.109', os.name: 'Windows 10', os.arch: 'amd64', os.version: '10.0', java.version: '1.8.0_202'
Driver info: driver.version: RemoteWebDriver
	at org.openqa.selenium.remote.HttpCommandExecutor.execute(HttpCommandExecutor.java:125)
	at org.openqa.selenium.remote.service.DriverCommandExecutor.execute(DriverCommandExecutor.java:83)
	at org.openqa.selenium.remote.RemoteWebDriver.execute(RemoteWebDriver.java:552)
	at org.openqa.selenium.remote.RemoteWebDriver.execute(RemoteWebDriver.java:609)
	at org.openqa.selenium.remote.RemoteWebDriver.close(RemoteWebDriver.java:442)
	at com.easemytrip.testscript.TestScripts.tearDown(TestScripts.java:118)
	at sun.reflect.NativeMethodAccessorImpl.invoke0(Native Method)
	at sun.reflect.NativeMethodAccessorImpl.invoke(Unknown Source)
	at sun.reflect.DelegatingMethodAccessorImpl.invoke(Unknown Source)
	at java.lang.reflect.Method.invoke(Unknown Source)
	at org.testng.internal.MethodInvocationHelper.invokeMethod(MethodInvocationHelper.java:86)
	at org.testng.internal.Invoker.invokeConfigurationMethod(Invoker.java:514)
	at org.testng.internal.Invoker.invokeConfigurations(Invoker.java:215)
	at org.testng.internal.Invoker.invokeMethod(Invoker.java:707)
	at org.testng.internal.Invoker.invokeTestMethod(Invoker.java:820)
	at org.testng.internal.Invoker.invokeTestMethods(Invoker.java:1128)
	at org.testng.internal.TestMethodWorker.invokeTestMethods(TestMethodWorker.java:129)
	at org.testng.internal.TestMethodWorker.run(TestMethodWorker.java:112)
	at org.testng.TestRunner.privateRun(TestRunner.java:782)
	at org.testng.TestRunner.run(TestRunner.java:632)
	at org.testng.SuiteRunner.runTest(SuiteRunner.java:366)
	at org.testng.SuiteRunner.runSequentially(SuiteRunner.java:361)
	at org.testng.SuiteRunner.privateRun(SuiteRunner.java:319)
	at org.testng.SuiteRunner.run(SuiteRunner.java:268)
	at org.testng.SuiteRunnerWorker.runSuite(SuiteRunnerWorker.java:52)
	at org.testng.SuiteRunnerWorker.run(SuiteRunnerWorker.java:86)
	at org.testng.TestNG.runSuitesSequentially(TestNG.java:1244)
	at org.testng.TestNG.runSuitesLocally(TestNG.java:1169)
	at org.testng.TestNG.run(TestNG.java:1064)
	at com.easemytrip.testrunner.TestRunner.main(TestRunner.java:28)
]]>
            </full-stacktrace>
          </exception> <!-- org.openqa.selenium.NoSuchSessionException -->
          <reporter-output>
          </reporter-output>
        </test-method> <!-- tearDown -->
      </class> <!-- com.easemytrip.testscript.TestScripts -->
    </test> <!-- Test Chilis In Web Browser -->
  </suite> <!-- WebBrowser -->
</testng-results>
